

Started GET "/assets/rails.png" for 127.0.0.1 at 2013-03-12 14:12:34 -0700
Connecting to database specified by database.yml
Served asset /rails.png - 200 OK (30ms)


Started GET "/rails/info/properties" for 127.0.0.1 at 2013-03-12 14:13:18 -0700
Processing by Rails::InfoController#properties as */*
  Rendered inline template (100.0ms)
Completed 200 OK in 418ms (Views: 418.0ms | ActiveRecord: 0.0ms)


Started GET "/assets/rails.png" for 127.0.0.1 at 2013-03-13 20:27:08 -0700
Connecting to database specified by database.yml
Served asset /rails.png - 304 Not Modified (38ms)


Started GET "/" for 127.0.0.1 at 2013-03-13 20:28:34 -0700

ActionController::RoutingError (No route matches [GET] "/"):
  actionpack (3.2.7) lib/action_dispatch/middleware/debug_exceptions.rb:21:in `call'
  actionpack (3.2.7) lib/action_dispatch/middleware/show_exceptions.rb:56:in `call'
  railties (3.2.7) lib/rails/rack/logger.rb:26:in `call_app'
  railties (3.2.7) lib/rails/rack/logger.rb:16:in `call'
  actionpack (3.2.7) lib/action_dispatch/middleware/request_id.rb:22:in `call'
  rack (1.4.5) lib/rack/methodoverride.rb:21:in `call'
  rack (1.4.5) lib/rack/runtime.rb:17:in `call'
  activesupport (3.2.7) lib/active_support/cache/strategy/local_cache.rb:72:in `call'
  rack (1.4.5) lib/rack/lock.rb:15:in `call'
  actionpack (3.2.7) lib/action_dispatch/middleware/static.rb:62:in `call'
  railties (3.2.7) lib/rails/engine.rb:479:in `call'
  railties (3.2.7) lib/rails/application.rb:220:in `call'
  rack (1.4.5) lib/rack/content_length.rb:14:in `call'
  railties (3.2.7) lib/rails/rack/log_tailer.rb:17:in `call'
  rack (1.4.5) lib/rack/handler/webrick.rb:59:in `service'
  /usr/lib/ruby/1.9.1/webrick/httpserver.rb:138:in `service'
  /usr/lib/ruby/1.9.1/webrick/httpserver.rb:94:in `run'
  /usr/lib/ruby/1.9.1/webrick/server.rb:191:in `block in start_thread'


  Rendered /usr/lib/ruby/gems/1.9.1/gems/actionpack-3.2.7/lib/action_dispatch/middleware/templates/rescues/routing_error.erb within rescues/layout (191.0ms)


Started GET "/benny/hello" for 127.0.0.1 at 2013-03-13 20:57:51 -0700
Processing by BennyController#hello as HTML
  Rendered benny/hello.html.erb within layouts/application (0.0ms)
Compiled benny.css  (476ms)  (pid 7608)
Compiled application.css  (595ms)  (pid 7608)
Compiled jquery.js  (40ms)  (pid 7608)
Compiled jquery_ujs.js  (2ms)  (pid 7608)
Completed 500 Internal Server Error in 2457ms

ActionView::Template::Error (湉異⁴牅潲㩲唠歮潮湷漠瑰潩⁮⼢浴⽰硥捥獪〲㌱㌰㌱㜭〶ⴸㄱ瀸獳⹳獪•灳捥晩敩⹤਍
  (in /home/bennux/rails_projects/first_app/app/assets/javascripts/benny.js.coffee)):
    3: <head>
    4:   <title>FirstApp</title>
    5:   <%= stylesheet_link_tag    "application", :media => "all" %>
    6:   <%= javascript_include_tag "application" %>
    7:   <%= csrf_meta_tags %>
    8: </head>
    9: <body>
  app/views/layouts/application.html.erb:6:in `_app_views_layouts_application_html_erb___385395480__1062358618'


  Rendered /usr/lib/ruby/gems/1.9.1/gems/actionpack-3.2.7/lib/action_dispatch/middleware/templates/rescues/_trace.erb (8.0ms)
  Rendered /usr/lib/ruby/gems/1.9.1/gems/actionpack-3.2.7/lib/action_dispatch/middleware/templates/rescues/_request_and_response.erb (2.0ms)
  Rendered /usr/lib/ruby/gems/1.9.1/gems/actionpack-3.2.7/lib/action_dispatch/middleware/templates/rescues/template_error.erb within rescues/layout (144.0ms)


Started GET "/benny/hello" for 127.0.0.1 at 2013-03-13 20:59:32 -0700
Processing by BennyController#hello as HTML
  Rendered benny/hello.html.erb within layouts/application (0.0ms)
Completed 200 OK in 24ms (Views: 23.0ms | ActiveRecord: 0.0ms)


Started GET "/assets/application.css?body=1" for 127.0.0.1 at 2013-03-13 20:59:32 -0700
Served asset /application.css - 200 OK (18ms)


Started GET "/assets/benny.css?body=1" for 127.0.0.1 at 2013-03-13 20:59:32 -0700
Served asset /benny.css - 200 OK (6ms)


Started GET "/benny/hello" for 127.0.0.1 at 2013-03-13 21:01:21 -0700
Processing by BennyController#hello as HTML
  Rendered benny/hello.html.erb within layouts/application (0.0ms)
Completed 200 OK in 24ms (Views: 24.0ms | ActiveRecord: 0.0ms)


Started GET "/assets/application.css?body=1" for 127.0.0.1 at 2013-03-13 21:01:21 -0700
Served asset /application.css - 304 Not Modified (6ms)


Started GET "/assets/benny.css?body=1" for 127.0.0.1 at 2013-03-13 21:01:21 -0700
Served asset /benny.css - 304 Not Modified (0ms)


Started GET "/benny/hello" for 127.0.0.1 at 2013-03-13 21:03:41 -0700
Processing by BennyController#hello as HTML
  Rendered benny/hello.html.erb within layouts/application (1.0ms)
Completed 200 OK in 24ms (Views: 24.0ms | ActiveRecord: 0.0ms)


Started GET "/assets/application.css?body=1" for 127.0.0.1 at 2013-03-13 21:03:41 -0700
Served asset /application.css - 304 Not Modified (7ms)


Started GET "/assets/benny.css?body=1" for 127.0.0.1 at 2013-03-13 21:03:41 -0700
Served asset /benny.css - 304 Not Modified (2ms)


Started GET "/benny/hello" for 127.0.0.1 at 2013-03-13 21:03:46 -0700
Processing by BennyController#hello as HTML
  Rendered benny/hello.html.erb within layouts/application (0.0ms)
Completed 200 OK in 22ms (Views: 22.0ms | ActiveRecord: 0.0ms)


Started GET "/assets/application.css?body=1" for 127.0.0.1 at 2013-03-13 21:03:46 -0700
Served asset /application.css - 200 OK (7ms)


Started GET "/assets/benny.css?body=1" for 127.0.0.1 at 2013-03-13 21:03:46 -0700
Served asset /benny.css - 200 OK (1ms)


Started GET "/benny/hello" for 127.0.0.1 at 2013-03-13 21:04:13 -0700
Processing by BennyController#hello as HTML
  Rendered benny/hello.html.erb within layouts/application (0.0ms)
Completed 200 OK in 24ms (Views: 24.0ms | ActiveRecord: 0.0ms)


Started GET "/assets/application.css?body=1" for 127.0.0.1 at 2013-03-13 21:04:13 -0700
Served asset /application.css - 304 Not Modified (7ms)


Started GET "/assets/benny.css?body=1" for 127.0.0.1 at 2013-03-13 21:04:13 -0700
Served asset /benny.css - 304 Not Modified (1ms)


Started GET "/benny/hello" for 127.0.0.1 at 2013-03-13 21:05:06 -0700
Processing by BennyController#hello as HTML
  Rendered benny/hello.html.erb within layouts/application (0.0ms)
Completed 200 OK in 25ms (Views: 24.0ms | ActiveRecord: 0.0ms)


Started GET "/assets/application.css?body=1" for 127.0.0.1 at 2013-03-13 21:05:06 -0700
Served asset /application.css - 304 Not Modified (7ms)


Started GET "/assets/benny.css?body=1" for 127.0.0.1 at 2013-03-13 21:05:06 -0700
Served asset /benny.css - 304 Not Modified (0ms)


Started GET "/benny/hello" for 127.0.0.1 at 2013-03-13 21:05:52 -0700
Processing by BennyController#hello as HTML
  Rendered benny/hello.html.erb within layouts/application (1.0ms)
Completed 200 OK in 23ms (Views: 22.0ms | ActiveRecord: 0.0ms)


Started GET "/assets/application.css?body=1" for 127.0.0.1 at 2013-03-13 21:05:52 -0700
Served asset /application.css - 304 Not Modified (7ms)


Started GET "/assets/benny.css?body=1" for 127.0.0.1 at 2013-03-13 21:05:52 -0700
Served asset /benny.css - 304 Not Modified (2ms)


Started GET "/benny/hello" for 127.0.0.1 at 2013-03-13 21:08:24 -0700
Connecting to database specified by database.yml
Processing by BennyController#hello as HTML
  Rendered benny/hello.html.erb within layouts/application (254.0ms)
Completed 200 OK in 1072ms (Views: 1071.1ms | ActiveRecord: 0.0ms)


Started GET "/assets/application.css?body=1" for 127.0.0.1 at 2013-03-13 21:08:38 -0700
Served asset /application.css - 304 Not Modified (10ms)


Started GET "/assets/benny.css?body=1" for 127.0.0.1 at 2013-03-13 21:08:38 -0700
Served asset /benny.css - 304 Not Modified (5ms)


Started GET "/benny/hello" for 127.0.0.1 at 2013-03-13 21:11:07 -0700
Processing by BennyController#hello as HTML
  Rendered benny/hello.html.erb within layouts/application (0.0ms)
Completed 200 OK in 25ms (Views: 24.0ms | ActiveRecord: 0.0ms)


Started GET "/assets/application.css?body=1" for 127.0.0.1 at 2013-03-13 21:11:07 -0700
Served asset /application.css - 200 OK (2ms)


Started GET "/assets/benny.css?body=1" for 127.0.0.1 at 2013-03-13 21:11:07 -0700
Served asset /benny.css - 200 OK (1ms)


Started GET "/benny/hello" for 127.0.0.1 at 2013-03-13 21:13:00 -0700
Processing by BennyController#hello as HTML
  Rendered benny/hello.html.erb within layouts/application (1.0ms)
Completed 200 OK in 25ms (Views: 25.0ms | ActiveRecord: 0.0ms)


Started GET "/assets/application.css?body=1" for 127.0.0.1 at 2013-03-13 21:13:00 -0700
Served asset /application.css - 304 Not Modified (7ms)


Started GET "/assets/benny.css?body=1" for 127.0.0.1 at 2013-03-13 21:13:00 -0700
Served asset /benny.css - 304 Not Modified (0ms)


Started GET "/benny/hello" for 127.0.0.1 at 2013-03-13 21:13:42 -0700
Processing by BennyController#hello as HTML
  Rendered benny/hello.html.erb within layouts/application (2.0ms)
Completed 200 OK in 28ms (Views: 27.0ms | ActiveRecord: 0.0ms)


Started GET "/assets/application.css?body=1" for 127.0.0.1 at 2013-03-13 21:13:42 -0700
Served asset /application.css - 304 Not Modified (7ms)


Started GET "/assets/benny.css?body=1" for 127.0.0.1 at 2013-03-13 21:13:42 -0700
Served asset /benny.css - 304 Not Modified (1ms)


Started GET "/benny/hello" for 127.0.0.1 at 2013-03-13 21:14:35 -0700
Processing by BennyController#hello as HTML
  Rendered benny/hello.html.erb within layouts/application (1.0ms)
Completed 200 OK in 25ms (Views: 25.0ms | ActiveRecord: 0.0ms)


Started GET "/assets/application.css?body=1" for 127.0.0.1 at 2013-03-13 21:14:35 -0700
Served asset /application.css - 304 Not Modified (7ms)


Started GET "/assets/benny.css?body=1" for 127.0.0.1 at 2013-03-13 21:14:35 -0700
Served asset /benny.css - 304 Not Modified (0ms)


Started GET "/benny/hello" for 127.0.0.1 at 2013-03-13 21:15:08 -0700
Processing by BennyController#hello as HTML
  Rendered benny/hello.html.erb within layouts/application (1.0ms)
Completed 200 OK in 26ms (Views: 25.0ms | ActiveRecord: 0.0ms)


Started GET "/assets/application.css?body=1" for 127.0.0.1 at 2013-03-13 21:15:09 -0700
Served asset /application.css - 304 Not Modified (7ms)


Started GET "/assets/benny.css?body=1" for 127.0.0.1 at 2013-03-13 21:15:09 -0700
Served asset /benny.css - 304 Not Modified (0ms)


Started GET "/benny/hello" for 127.0.0.1 at 2013-03-13 21:15:46 -0700
Processing by BennyController#hello as HTML
  Rendered benny/hello.html.erb within layouts/application (0.0ms)
Completed 200 OK in 27ms (Views: 25.0ms | ActiveRecord: 0.0ms)


Started GET "/assets/benny.css?body=1" for 127.0.0.1 at 2013-03-13 21:15:46 -0700
Served asset /benny.css - 304 Not Modified (0ms)


Started GET "/assets/application.css?body=1" for 127.0.0.1 at 2013-03-13 21:15:46 -0700
Served asset /application.css - 304 Not Modified (4ms)


Started GET "/benny/hello" for 127.0.0.1 at 2013-03-13 21:17:09 -0700
Processing by BennyController#hello as HTML
  Rendered benny/hello.html.erb within layouts/application (1.0ms)
Completed 200 OK in 27ms (Views: 27.0ms | ActiveRecord: 0.0ms)


Started GET "/assets/application.css?body=1" for 127.0.0.1 at 2013-03-13 21:17:09 -0700
Served asset /application.css - 304 Not Modified (7ms)


Started GET "/assets/benny.css?body=1" for 127.0.0.1 at 2013-03-13 21:17:09 -0700
Served asset /benny.css - 304 Not Modified (2ms)


Started GET "/benny/hello" for 127.0.0.1 at 2013-03-13 21:17:57 -0700
Processing by BennyController#hello as HTML
  Rendered benny/hello.html.erb within layouts/application (0.0ms)
Completed 200 OK in 28ms (Views: 28.0ms | ActiveRecord: 0.0ms)


Started GET "/assets/application.css?body=1" for 127.0.0.1 at 2013-03-13 21:17:57 -0700
Served asset /application.css - 304 Not Modified (4ms)


Started GET "/assets/benny.css?body=1" for 127.0.0.1 at 2013-03-13 21:17:57 -0700
Served asset /benny.css - 304 Not Modified (2ms)


Started GET "/benny/hello" for 127.0.0.1 at 2013-03-13 21:25:08 -0700
Processing by BennyController#hello as HTML
  Rendered benny/hello.html.erb within layouts/application (0.0ms)
Completed 200 OK in 39ms (Views: 26.0ms | ActiveRecord: 0.0ms)


Started GET "/assets/application.css?body=1" for 127.0.0.1 at 2013-03-13 21:25:08 -0700
Served asset /application.css - 304 Not Modified (7ms)


Started GET "/assets/benny.css?body=1" for 127.0.0.1 at 2013-03-13 21:25:08 -0700
Served asset /benny.css - 304 Not Modified (2ms)


Started GET "/benny/hello" for 127.0.0.1 at 2013-03-13 21:29:44 -0700
Processing by BennyController#hello as HTML
  Rendered benny/hello.html.erb within layouts/application (1.0ms)
Completed 200 OK in 40ms (Views: 26.0ms | ActiveRecord: 0.0ms)


Started GET "/assets/application.css?body=1" for 127.0.0.1 at 2013-03-13 21:29:44 -0700
Served asset /application.css - 304 Not Modified (7ms)


Started GET "/assets/benny.css?body=1" for 127.0.0.1 at 2013-03-13 21:29:44 -0700
Served asset /benny.css - 304 Not Modified (1ms)


Started GET "/benny/hello" for 127.0.0.1 at 2013-03-13 21:31:38 -0700
Processing by BennyController#hello as HTML
  Rendered benny/hello.html.erb within layouts/application (1.0ms)
Completed 200 OK in 29ms (Views: 29.0ms | ActiveRecord: 0.0ms)


Started GET "/assets/application.css?body=1" for 127.0.0.1 at 2013-03-13 21:31:38 -0700
Served asset /application.css - 304 Not Modified (3ms)


Started GET "/assets/benny.css?body=1" for 127.0.0.1 at 2013-03-13 21:31:38 -0700
Served asset /benny.css - 304 Not Modified (1ms)


Started GET "/benny/hello" for 127.0.0.1 at 2013-03-13 21:33:52 -0700
Processing by BennyController#hello as HTML
  Rendered benny/hello.html.erb within layouts/application (0.0ms)
Completed 200 OK in 75ms (Views: 62.0ms | ActiveRecord: 0.0ms)


Started GET "/assets/benny.css?body=1" for 127.0.0.1 at 2013-03-13 21:33:52 -0700
Served asset /benny.css - 304 Not Modified (5ms)


Started GET "/assets/application.css?body=1" for 127.0.0.1 at 2013-03-13 21:33:52 -0700
Served asset /application.css - 304 Not Modified (5ms)


Started GET "/benny/hello" for 127.0.0.1 at 2013-03-13 21:34:21 -0700
Processing by BennyController#hello as HTML
  Rendered benny/hello.html.erb within layouts/application (1.0ms)
Completed 200 OK in 25ms (Views: 25.0ms | ActiveRecord: 0.0ms)


Started GET "/assets/application.css?body=1" for 127.0.0.1 at 2013-03-13 21:34:22 -0700
Served asset /application.css - 304 Not Modified (7ms)


Started GET "/assets/benny.css?body=1" for 127.0.0.1 at 2013-03-13 21:34:22 -0700
Served asset /benny.css - 304 Not Modified (2ms)


Started GET "/benny/hello" for 127.0.0.1 at 2013-03-13 21:36:08 -0700
Processing by BennyController#hello as HTML
Completed 500 Internal Server Error in 13ms

NoMethodError (undefined method `name=' for #<BennyData:0x80f3b904>):
  app/controllers/benny_controller.rb:11:in `hello'


  Rendered /usr/lib/ruby/gems/1.9.1/gems/actionpack-3.2.7/lib/action_dispatch/middleware/templates/rescues/_trace.erb (6.0ms)
  Rendered /usr/lib/ruby/gems/1.9.1/gems/actionpack-3.2.7/lib/action_dispatch/middleware/templates/rescues/_request_and_response.erb (2.0ms)
  Rendered /usr/lib/ruby/gems/1.9.1/gems/actionpack-3.2.7/lib/action_dispatch/middleware/templates/rescues/diagnostics.erb within rescues/layout (134.0ms)


Started GET "/benny/hello" for 127.0.0.1 at 2013-03-13 21:37:57 -0700
Processing by BennyController#hello as HTML
  Rendered benny/hello.html.erb within layouts/application (0.0ms)
Completed 200 OK in 42ms (Views: 28.0ms | ActiveRecord: 0.0ms)


Started GET "/assets/application.css?body=1" for 127.0.0.1 at 2013-03-13 21:37:57 -0700
Served asset /application.css - 304 Not Modified (7ms)


Started GET "/assets/benny.css?body=1" for 127.0.0.1 at 2013-03-13 21:37:57 -0700
Served asset /benny.css - 304 Not Modified (3ms)


Started GET "/benny/hello" for 127.0.0.1 at 2013-03-13 21:38:11 -0700
Processing by BennyController#hello as HTML
  Rendered benny/hello.html.erb within layouts/application (0.0ms)
Completed 200 OK in 26ms (Views: 25.0ms | ActiveRecord: 0.0ms)


Started GET "/assets/application.css?body=1" for 127.0.0.1 at 2013-03-13 21:38:11 -0700
Served asset /application.css - 200 OK (3ms)


Started GET "/assets/benny.css?body=1" for 127.0.0.1 at 2013-03-13 21:38:11 -0700
Served asset /benny.css - 200 OK (0ms)


Started GET "/benny/hello" for 127.0.0.1 at 2013-03-13 21:38:12 -0700
Processing by BennyController#hello as HTML
  Rendered benny/hello.html.erb within layouts/application (0.0ms)
Completed 200 OK in 25ms (Views: 25.0ms | ActiveRecord: 0.0ms)


Started GET "/assets/application.css?body=1" for 127.0.0.1 at 2013-03-13 21:38:12 -0700
Served asset /application.css - 200 OK (7ms)


Started GET "/assets/benny.css?body=1" for 127.0.0.1 at 2013-03-13 21:38:12 -0700
Served asset /benny.css - 200 OK (1ms)


Started GET "/benny/hello" for 127.0.0.1 at 2013-03-13 21:38:13 -0700
Processing by BennyController#hello as HTML
  Rendered benny/hello.html.erb within layouts/application (0.0ms)
Completed 200 OK in 25ms (Views: 25.0ms | ActiveRecord: 0.0ms)


Started GET "/assets/application.css?body=1" for 127.0.0.1 at 2013-03-13 21:38:13 -0700
Served asset /application.css - 200 OK (7ms)


Started GET "/assets/benny.css?body=1" for 127.0.0.1 at 2013-03-13 21:38:13 -0700
Served asset /benny.css - 200 OK (2ms)


Started GET "/benny/hello" for 127.0.0.1 at 2013-03-13 21:38:13 -0700
Processing by BennyController#hello as HTML
  Rendered benny/hello.html.erb within layouts/application (0.0ms)
Completed 200 OK in 25ms (Views: 25.0ms | ActiveRecord: 0.0ms)


Started GET "/assets/application.css?body=1" for 127.0.0.1 at 2013-03-13 21:38:13 -0700
Served asset /application.css - 200 OK (7ms)


Started GET "/assets/benny.css?body=1" for 127.0.0.1 at 2013-03-13 21:38:13 -0700
Served asset /benny.css - 200 OK (1ms)


Started GET "/benny/hello" for 127.0.0.1 at 2013-03-13 22:59:10 -0700
Processing by BennyController#hello as HTML
  Rendered benny/hello.html.erb within layouts/application (0.0ms)
Completed 200 OK in 28ms (Views: 28.0ms | ActiveRecord: 0.0ms)


Started GET "/assets/benny.css?body=1" for 127.0.0.1 at 2013-03-13 22:59:10 -0700
Served asset /benny.css - 304 Not Modified (0ms)


Started GET "/assets/application.css?body=1" for 127.0.0.1 at 2013-03-13 22:59:10 -0700
Served asset /application.css - 304 Not Modified (4ms)


Started GET "/benny/hello" for 127.0.0.1 at 2013-03-13 22:59:33 -0700
Processing by BennyController#hello as HTML
  Rendered benny/hello.html.erb within layouts/application (1.0ms)
Completed 200 OK in 42ms (Views: 27.0ms | ActiveRecord: 0.0ms)


Started GET "/assets/benny.css?body=1" for 127.0.0.1 at 2013-03-13 22:59:33 -0700
Served asset /benny.css - 304 Not Modified (0ms)


Started GET "/assets/application.css?body=1" for 127.0.0.1 at 2013-03-13 22:59:33 -0700
Served asset /application.css - 304 Not Modified (3ms)


Started GET "/" for 127.0.0.1 at 2013-04-13 12:39:16 -0700
Connecting to database specified by database.yml

ActionController::RoutingError (No route matches [GET] "/"):
  actionpack (3.2.7) lib/action_dispatch/middleware/debug_exceptions.rb:21:in `call'
  actionpack (3.2.7) lib/action_dispatch/middleware/show_exceptions.rb:56:in `call'
  railties (3.2.7) lib/rails/rack/logger.rb:26:in `call_app'
  railties (3.2.7) lib/rails/rack/logger.rb:16:in `call'
  actionpack (3.2.7) lib/action_dispatch/middleware/request_id.rb:22:in `call'
  rack (1.4.5) lib/rack/methodoverride.rb:21:in `call'
  rack (1.4.5) lib/rack/runtime.rb:17:in `call'
  activesupport (3.2.7) lib/active_support/cache/strategy/local_cache.rb:72:in `call'
  rack (1.4.5) lib/rack/lock.rb:15:in `call'
  actionpack (3.2.7) lib/action_dispatch/middleware/static.rb:62:in `call'
  railties (3.2.7) lib/rails/engine.rb:479:in `call'
  railties (3.2.7) lib/rails/application.rb:220:in `call'
  rack (1.4.5) lib/rack/content_length.rb:14:in `call'
  railties (3.2.7) lib/rails/rack/log_tailer.rb:17:in `call'
  rack (1.4.5) lib/rack/handler/webrick.rb:59:in `service'
  /usr/lib/ruby/1.9.1/webrick/httpserver.rb:138:in `service'
  /usr/lib/ruby/1.9.1/webrick/httpserver.rb:94:in `run'
  /usr/lib/ruby/1.9.1/webrick/server.rb:191:in `block in start_thread'


  Rendered /usr/lib/ruby/gems/1.9.1/gems/actionpack-3.2.7/lib/action_dispatch/middleware/templates/rescues/routing_error.erb within rescues/layout (88.0ms)


Started GET "/" for 127.0.0.1 at 2013-04-13 12:46:30 -0700

ActionController::RoutingError (No route matches [GET] "/"):
  actionpack (3.2.7) lib/action_dispatch/middleware/debug_exceptions.rb:21:in `call'
  actionpack (3.2.7) lib/action_dispatch/middleware/show_exceptions.rb:56:in `call'
  railties (3.2.7) lib/rails/rack/logger.rb:26:in `call_app'
  railties (3.2.7) lib/rails/rack/logger.rb:16:in `call'
  actionpack (3.2.7) lib/action_dispatch/middleware/request_id.rb:22:in `call'
  rack (1.4.5) lib/rack/methodoverride.rb:21:in `call'
  rack (1.4.5) lib/rack/runtime.rb:17:in `call'
  activesupport (3.2.7) lib/active_support/cache/strategy/local_cache.rb:72:in `call'
  rack (1.4.5) lib/rack/lock.rb:15:in `call'
  actionpack (3.2.7) lib/action_dispatch/middleware/static.rb:62:in `call'
  railties (3.2.7) lib/rails/engine.rb:479:in `call'
  railties (3.2.7) lib/rails/application.rb:220:in `call'
  rack (1.4.5) lib/rack/content_length.rb:14:in `call'
  railties (3.2.7) lib/rails/rack/log_tailer.rb:17:in `call'
  rack (1.4.5) lib/rack/handler/webrick.rb:59:in `service'
  /usr/lib/ruby/1.9.1/webrick/httpserver.rb:138:in `service'
  /usr/lib/ruby/1.9.1/webrick/httpserver.rb:94:in `run'
  /usr/lib/ruby/1.9.1/webrick/server.rb:191:in `block in start_thread'


  Rendered /usr/lib/ruby/gems/1.9.1/gems/actionpack-3.2.7/lib/action_dispatch/middleware/templates/rescues/routing_error.erb within rescues/layout (0.0ms)


Started GET "/" for 127.0.0.1 at 2013-04-13 12:46:34 -0700

ActionController::RoutingError (No route matches [GET] "/"):
  actionpack (3.2.7) lib/action_dispatch/middleware/debug_exceptions.rb:21:in `call'
  actionpack (3.2.7) lib/action_dispatch/middleware/show_exceptions.rb:56:in `call'
  railties (3.2.7) lib/rails/rack/logger.rb:26:in `call_app'
  railties (3.2.7) lib/rails/rack/logger.rb:16:in `call'
  actionpack (3.2.7) lib/action_dispatch/middleware/request_id.rb:22:in `call'
  rack (1.4.5) lib/rack/methodoverride.rb:21:in `call'
  rack (1.4.5) lib/rack/runtime.rb:17:in `call'
  activesupport (3.2.7) lib/active_support/cache/strategy/local_cache.rb:72:in `call'
  rack (1.4.5) lib/rack/lock.rb:15:in `call'
  actionpack (3.2.7) lib/action_dispatch/middleware/static.rb:62:in `call'
  railties (3.2.7) lib/rails/engine.rb:479:in `call'
  railties (3.2.7) lib/rails/application.rb:220:in `call'
  rack (1.4.5) lib/rack/content_length.rb:14:in `call'
  railties (3.2.7) lib/rails/rack/log_tailer.rb:17:in `call'
  rack (1.4.5) lib/rack/handler/webrick.rb:59:in `service'
  /usr/lib/ruby/1.9.1/webrick/httpserver.rb:138:in `service'
  /usr/lib/ruby/1.9.1/webrick/httpserver.rb:94:in `run'
  /usr/lib/ruby/1.9.1/webrick/server.rb:191:in `block in start_thread'


  Rendered /usr/lib/ruby/gems/1.9.1/gems/actionpack-3.2.7/lib/action_dispatch/middleware/templates/rescues/routing_error.erb within rescues/layout (0.0ms)


Started GET "/" for 127.0.0.1 at 2013-04-13 12:46:36 -0700

ActionController::RoutingError (No route matches [GET] "/"):
  actionpack (3.2.7) lib/action_dispatch/middleware/debug_exceptions.rb:21:in `call'
  actionpack (3.2.7) lib/action_dispatch/middleware/show_exceptions.rb:56:in `call'
  railties (3.2.7) lib/rails/rack/logger.rb:26:in `call_app'
  railties (3.2.7) lib/rails/rack/logger.rb:16:in `call'
  actionpack (3.2.7) lib/action_dispatch/middleware/request_id.rb:22:in `call'
  rack (1.4.5) lib/rack/methodoverride.rb:21:in `call'
  rack (1.4.5) lib/rack/runtime.rb:17:in `call'
  activesupport (3.2.7) lib/active_support/cache/strategy/local_cache.rb:72:in `call'
  rack (1.4.5) lib/rack/lock.rb:15:in `call'
  actionpack (3.2.7) lib/action_dispatch/middleware/static.rb:62:in `call'
  railties (3.2.7) lib/rails/engine.rb:479:in `call'
  railties (3.2.7) lib/rails/application.rb:220:in `call'
  rack (1.4.5) lib/rack/content_length.rb:14:in `call'
  railties (3.2.7) lib/rails/rack/log_tailer.rb:17:in `call'
  rack (1.4.5) lib/rack/handler/webrick.rb:59:in `service'
  /usr/lib/ruby/1.9.1/webrick/httpserver.rb:138:in `service'
  /usr/lib/ruby/1.9.1/webrick/httpserver.rb:94:in `run'
  /usr/lib/ruby/1.9.1/webrick/server.rb:191:in `block in start_thread'


  Rendered /usr/lib/ruby/gems/1.9.1/gems/actionpack-3.2.7/lib/action_dispatch/middleware/templates/rescues/routing_error.erb within rescues/layout (1.0ms)


Started GET "/" for 127.0.0.1 at 2013-04-13 12:46:37 -0700

ActionController::RoutingError (No route matches [GET] "/"):
  actionpack (3.2.7) lib/action_dispatch/middleware/debug_exceptions.rb:21:in `call'
  actionpack (3.2.7) lib/action_dispatch/middleware/show_exceptions.rb:56:in `call'
  railties (3.2.7) lib/rails/rack/logger.rb:26:in `call_app'
  railties (3.2.7) lib/rails/rack/logger.rb:16:in `call'
  actionpack (3.2.7) lib/action_dispatch/middleware/request_id.rb:22:in `call'
  rack (1.4.5) lib/rack/methodoverride.rb:21:in `call'
  rack (1.4.5) lib/rack/runtime.rb:17:in `call'
  activesupport (3.2.7) lib/active_support/cache/strategy/local_cache.rb:72:in `call'
  rack (1.4.5) lib/rack/lock.rb:15:in `call'
  actionpack (3.2.7) lib/action_dispatch/middleware/static.rb:62:in `call'
  railties (3.2.7) lib/rails/engine.rb:479:in `call'
  railties (3.2.7) lib/rails/application.rb:220:in `call'
  rack (1.4.5) lib/rack/content_length.rb:14:in `call'
  railties (3.2.7) lib/rails/rack/log_tailer.rb:17:in `call'
  rack (1.4.5) lib/rack/handler/webrick.rb:59:in `service'
  /usr/lib/ruby/1.9.1/webrick/httpserver.rb:138:in `service'
  /usr/lib/ruby/1.9.1/webrick/httpserver.rb:94:in `run'
  /usr/lib/ruby/1.9.1/webrick/server.rb:191:in `block in start_thread'


  Rendered /usr/lib/ruby/gems/1.9.1/gems/actionpack-3.2.7/lib/action_dispatch/middleware/templates/rescues/routing_error.erb within rescues/layout (0.0ms)


Started GET "/" for 127.0.0.1 at 2013-04-13 12:46:38 -0700

ActionController::RoutingError (No route matches [GET] "/"):
  actionpack (3.2.7) lib/action_dispatch/middleware/debug_exceptions.rb:21:in `call'
  actionpack (3.2.7) lib/action_dispatch/middleware/show_exceptions.rb:56:in `call'
  railties (3.2.7) lib/rails/rack/logger.rb:26:in `call_app'
  railties (3.2.7) lib/rails/rack/logger.rb:16:in `call'
  actionpack (3.2.7) lib/action_dispatch/middleware/request_id.rb:22:in `call'
  rack (1.4.5) lib/rack/methodoverride.rb:21:in `call'
  rack (1.4.5) lib/rack/runtime.rb:17:in `call'
  activesupport (3.2.7) lib/active_support/cache/strategy/local_cache.rb:72:in `call'
  rack (1.4.5) lib/rack/lock.rb:15:in `call'
  actionpack (3.2.7) lib/action_dispatch/middleware/static.rb:62:in `call'
  railties (3.2.7) lib/rails/engine.rb:479:in `call'
  railties (3.2.7) lib/rails/application.rb:220:in `call'
  rack (1.4.5) lib/rack/content_length.rb:14:in `call'
  railties (3.2.7) lib/rails/rack/log_tailer.rb:17:in `call'
  rack (1.4.5) lib/rack/handler/webrick.rb:59:in `service'
  /usr/lib/ruby/1.9.1/webrick/httpserver.rb:138:in `service'
  /usr/lib/ruby/1.9.1/webrick/httpserver.rb:94:in `run'
  /usr/lib/ruby/1.9.1/webrick/server.rb:191:in `block in start_thread'


  Rendered /usr/lib/ruby/gems/1.9.1/gems/actionpack-3.2.7/lib/action_dispatch/middleware/templates/rescues/routing_error.erb within rescues/layout (1.0ms)


Started GET "/" for 127.0.0.1 at 2013-04-13 13:01:17 -0700

SyntaxError (/home/bennux/rails_projects/first_app/config/routes.rb:3: unknown regexp options - hll
/home/bennux/rails_projects/first_app/config/routes.rb:3: syntax error, unexpected '(', expecting keyword_end
	benny_hello GET /benny/hello(.:format) "benny#hello"
	                             ^):
  activesupport (3.2.7) lib/active_support/dependencies.rb:245:in `load'
  activesupport (3.2.7) lib/active_support/dependencies.rb:245:in `block in load'
  activesupport (3.2.7) lib/active_support/dependencies.rb:236:in `load_dependency'
  activesupport (3.2.7) lib/active_support/dependencies.rb:245:in `load'
  railties (3.2.7) lib/rails/application/routes_reloader.rb:40:in `block in load_paths'
  railties (3.2.7) lib/rails/application/routes_reloader.rb:40:in `each'
  railties (3.2.7) lib/rails/application/routes_reloader.rb:40:in `load_paths'
  railties (3.2.7) lib/rails/application/routes_reloader.rb:16:in `reload!'
  railties (3.2.7) lib/rails/application/routes_reloader.rb:26:in `block in updater'
  activesupport (3.2.7) lib/active_support/file_update_checker.rb:78:in `call'
  activesupport (3.2.7) lib/active_support/file_update_checker.rb:78:in `execute'
  activesupport (3.2.7) lib/active_support/file_update_checker.rb:86:in `execute_if_updated'
  railties (3.2.7) lib/rails/application/routes_reloader.rb:7:in `execute_if_updated'
  railties (3.2.7) lib/rails/application/finisher.rb:68:in `block (2 levels) in <module:Finisher>'
  activesupport (3.2.7) lib/active_support/callbacks.rb:429:in `_run__420669035__prepare__415194906__callbacks'
  activesupport (3.2.7) lib/active_support/callbacks.rb:405:in `__run_callback'
  activesupport (3.2.7) lib/active_support/callbacks.rb:385:in `_run_prepare_callbacks'
  activesupport (3.2.7) lib/active_support/callbacks.rb:81:in `run_callbacks'
  actionpack (3.2.7) lib/action_dispatch/middleware/reloader.rb:74:in `prepare!'
  actionpack (3.2.7) lib/action_dispatch/middleware/reloader.rb:64:in `call'
  actionpack (3.2.7) lib/action_dispatch/middleware/remote_ip.rb:31:in `call'
  actionpack (3.2.7) lib/action_dispatch/middleware/debug_exceptions.rb:16:in `call'
  actionpack (3.2.7) lib/action_dispatch/middleware/show_exceptions.rb:56:in `call'
  railties (3.2.7) lib/rails/rack/logger.rb:26:in `call_app'
  railties (3.2.7) lib/rails/rack/logger.rb:16:in `call'
  actionpack (3.2.7) lib/action_dispatch/middleware/request_id.rb:22:in `call'
  rack (1.4.5) lib/rack/methodoverride.rb:21:in `call'
  rack (1.4.5) lib/rack/runtime.rb:17:in `call'
  activesupport (3.2.7) lib/active_support/cache/strategy/local_cache.rb:72:in `call'
  rack (1.4.5) lib/rack/lock.rb:15:in `call'
  actionpack (3.2.7) lib/action_dispatch/middleware/static.rb:62:in `call'
  railties (3.2.7) lib/rails/engine.rb:479:in `call'
  railties (3.2.7) lib/rails/application.rb:220:in `call'
  rack (1.4.5) lib/rack/content_length.rb:14:in `call'
  railties (3.2.7) lib/rails/rack/log_tailer.rb:17:in `call'
  rack (1.4.5) lib/rack/handler/webrick.rb:59:in `service'
  /usr/lib/ruby/1.9.1/webrick/httpserver.rb:138:in `service'
  /usr/lib/ruby/1.9.1/webrick/httpserver.rb:94:in `run'
  /usr/lib/ruby/1.9.1/webrick/server.rb:191:in `block in start_thread'


  Rendered /usr/lib/ruby/gems/1.9.1/gems/actionpack-3.2.7/lib/action_dispatch/middleware/templates/rescues/_trace.erb (1.0ms)
  Rendered /usr/lib/ruby/gems/1.9.1/gems/actionpack-3.2.7/lib/action_dispatch/middleware/templates/rescues/_request_and_response.erb (68.0ms)
  Rendered /usr/lib/ruby/gems/1.9.1/gems/actionpack-3.2.7/lib/action_dispatch/middleware/templates/rescues/diagnostics.erb within rescues/layout (158.0ms)


Started GET "/" for 127.0.0.1 at 2013-04-13 13:05:13 -0700

ActionController::RoutingError (No route matches [GET] "/"):
  actionpack (3.2.7) lib/action_dispatch/middleware/debug_exceptions.rb:21:in `call'
  actionpack (3.2.7) lib/action_dispatch/middleware/show_exceptions.rb:56:in `call'
  railties (3.2.7) lib/rails/rack/logger.rb:26:in `call_app'
  railties (3.2.7) lib/rails/rack/logger.rb:16:in `call'
  actionpack (3.2.7) lib/action_dispatch/middleware/request_id.rb:22:in `call'
  rack (1.4.5) lib/rack/methodoverride.rb:21:in `call'
  rack (1.4.5) lib/rack/runtime.rb:17:in `call'
  activesupport (3.2.7) lib/active_support/cache/strategy/local_cache.rb:72:in `call'
  rack (1.4.5) lib/rack/lock.rb:15:in `call'
  actionpack (3.2.7) lib/action_dispatch/middleware/static.rb:62:in `call'
  railties (3.2.7) lib/rails/engine.rb:479:in `call'
  railties (3.2.7) lib/rails/application.rb:220:in `call'
  rack (1.4.5) lib/rack/content_length.rb:14:in `call'
  railties (3.2.7) lib/rails/rack/log_tailer.rb:17:in `call'
  rack (1.4.5) lib/rack/handler/webrick.rb:59:in `service'
  /usr/lib/ruby/1.9.1/webrick/httpserver.rb:138:in `service'
  /usr/lib/ruby/1.9.1/webrick/httpserver.rb:94:in `run'
  /usr/lib/ruby/1.9.1/webrick/server.rb:191:in `block in start_thread'


  Rendered /usr/lib/ruby/gems/1.9.1/gems/actionpack-3.2.7/lib/action_dispatch/middleware/templates/rescues/routing_error.erb within rescues/layout (0.0ms)


Started GET "/" for 127.0.0.1 at 2013-04-13 13:05:22 -0700

ActionController::RoutingError (No route matches [GET] "/"):
  actionpack (3.2.7) lib/action_dispatch/middleware/debug_exceptions.rb:21:in `call'
  actionpack (3.2.7) lib/action_dispatch/middleware/show_exceptions.rb:56:in `call'
  railties (3.2.7) lib/rails/rack/logger.rb:26:in `call_app'
  railties (3.2.7) lib/rails/rack/logger.rb:16:in `call'
  actionpack (3.2.7) lib/action_dispatch/middleware/request_id.rb:22:in `call'
  rack (1.4.5) lib/rack/methodoverride.rb:21:in `call'
  rack (1.4.5) lib/rack/runtime.rb:17:in `call'
  activesupport (3.2.7) lib/active_support/cache/strategy/local_cache.rb:72:in `call'
  rack (1.4.5) lib/rack/lock.rb:15:in `call'
  actionpack (3.2.7) lib/action_dispatch/middleware/static.rb:62:in `call'
  railties (3.2.7) lib/rails/engine.rb:479:in `call'
  railties (3.2.7) lib/rails/application.rb:220:in `call'
  rack (1.4.5) lib/rack/content_length.rb:14:in `call'
  railties (3.2.7) lib/rails/rack/log_tailer.rb:17:in `call'
  rack (1.4.5) lib/rack/handler/webrick.rb:59:in `service'
  /usr/lib/ruby/1.9.1/webrick/httpserver.rb:138:in `service'
  /usr/lib/ruby/1.9.1/webrick/httpserver.rb:94:in `run'
  /usr/lib/ruby/1.9.1/webrick/server.rb:191:in `block in start_thread'


  Rendered /usr/lib/ruby/gems/1.9.1/gems/actionpack-3.2.7/lib/action_dispatch/middleware/templates/rescues/routing_error.erb within rescues/layout (1.0ms)


Started GET "/" for 127.0.0.1 at 2013-04-13 13:09:49 -0700

ArgumentError (missing :controller):
  config/routes.rb:6:in `block in <top (required)>'
  config/routes.rb:1:in `<top (required)>'


  Rendered /usr/lib/ruby/gems/1.9.1/gems/actionpack-3.2.7/lib/action_dispatch/middleware/templates/rescues/_trace.erb (2.0ms)
  Rendered /usr/lib/ruby/gems/1.9.1/gems/actionpack-3.2.7/lib/action_dispatch/middleware/templates/rescues/_request_and_response.erb (1.0ms)
  Rendered /usr/lib/ruby/gems/1.9.1/gems/actionpack-3.2.7/lib/action_dispatch/middleware/templates/rescues/diagnostics.erb within rescues/layout (47.0ms)


Started GET "/" for 127.0.0.1 at 2013-04-13 13:13:03 -0700

ActionController::RoutingError (No route matches [GET] "/"):
  actionpack (3.2.7) lib/action_dispatch/middleware/debug_exceptions.rb:21:in `call'
  actionpack (3.2.7) lib/action_dispatch/middleware/show_exceptions.rb:56:in `call'
  railties (3.2.7) lib/rails/rack/logger.rb:26:in `call_app'
  railties (3.2.7) lib/rails/rack/logger.rb:16:in `call'
  actionpack (3.2.7) lib/action_dispatch/middleware/request_id.rb:22:in `call'
  rack (1.4.5) lib/rack/methodoverride.rb:21:in `call'
  rack (1.4.5) lib/rack/runtime.rb:17:in `call'
  activesupport (3.2.7) lib/active_support/cache/strategy/local_cache.rb:72:in `call'
  rack (1.4.5) lib/rack/lock.rb:15:in `call'
  actionpack (3.2.7) lib/action_dispatch/middleware/static.rb:62:in `call'
  railties (3.2.7) lib/rails/engine.rb:479:in `call'
  railties (3.2.7) lib/rails/application.rb:220:in `call'
  rack (1.4.5) lib/rack/content_length.rb:14:in `call'
  railties (3.2.7) lib/rails/rack/log_tailer.rb:17:in `call'
  rack (1.4.5) lib/rack/handler/webrick.rb:59:in `service'
  /usr/lib/ruby/1.9.1/webrick/httpserver.rb:138:in `service'
  /usr/lib/ruby/1.9.1/webrick/httpserver.rb:94:in `run'
  /usr/lib/ruby/1.9.1/webrick/server.rb:191:in `block in start_thread'


  Rendered /usr/lib/ruby/gems/1.9.1/gems/actionpack-3.2.7/lib/action_dispatch/middleware/templates/rescues/routing_error.erb within rescues/layout (1.0ms)


Started GET "/" for 127.0.0.1 at 2013-04-13 13:15:53 -0700

ActionController::RoutingError (No route matches [GET] "/"):
  actionpack (3.2.7) lib/action_dispatch/middleware/debug_exceptions.rb:21:in `call'
  actionpack (3.2.7) lib/action_dispatch/middleware/show_exceptions.rb:56:in `call'
  railties (3.2.7) lib/rails/rack/logger.rb:26:in `call_app'
  railties (3.2.7) lib/rails/rack/logger.rb:16:in `call'
  actionpack (3.2.7) lib/action_dispatch/middleware/request_id.rb:22:in `call'
  rack (1.4.5) lib/rack/methodoverride.rb:21:in `call'
  rack (1.4.5) lib/rack/runtime.rb:17:in `call'
  activesupport (3.2.7) lib/active_support/cache/strategy/local_cache.rb:72:in `call'
  rack (1.4.5) lib/rack/lock.rb:15:in `call'
  actionpack (3.2.7) lib/action_dispatch/middleware/static.rb:62:in `call'
  railties (3.2.7) lib/rails/engine.rb:479:in `call'
  railties (3.2.7) lib/rails/application.rb:220:in `call'
  rack (1.4.5) lib/rack/content_length.rb:14:in `call'
  railties (3.2.7) lib/rails/rack/log_tailer.rb:17:in `call'
  rack (1.4.5) lib/rack/handler/webrick.rb:59:in `service'
  /usr/lib/ruby/1.9.1/webrick/httpserver.rb:138:in `service'
  /usr/lib/ruby/1.9.1/webrick/httpserver.rb:94:in `run'
  /usr/lib/ruby/1.9.1/webrick/server.rb:191:in `block in start_thread'


  Rendered /usr/lib/ruby/gems/1.9.1/gems/actionpack-3.2.7/lib/action_dispatch/middleware/templates/rescues/routing_error.erb within rescues/layout (0.0ms)


Started GET "/" for 127.0.0.1 at 2013-04-13 13:15:55 -0700

ActionController::RoutingError (No route matches [GET] "/"):
  actionpack (3.2.7) lib/action_dispatch/middleware/debug_exceptions.rb:21:in `call'
  actionpack (3.2.7) lib/action_dispatch/middleware/show_exceptions.rb:56:in `call'
  railties (3.2.7) lib/rails/rack/logger.rb:26:in `call_app'
  railties (3.2.7) lib/rails/rack/logger.rb:16:in `call'
  actionpack (3.2.7) lib/action_dispatch/middleware/request_id.rb:22:in `call'
  rack (1.4.5) lib/rack/methodoverride.rb:21:in `call'
  rack (1.4.5) lib/rack/runtime.rb:17:in `call'
  activesupport (3.2.7) lib/active_support/cache/strategy/local_cache.rb:72:in `call'
  rack (1.4.5) lib/rack/lock.rb:15:in `call'
  actionpack (3.2.7) lib/action_dispatch/middleware/static.rb:62:in `call'
  railties (3.2.7) lib/rails/engine.rb:479:in `call'
  railties (3.2.7) lib/rails/application.rb:220:in `call'
  rack (1.4.5) lib/rack/content_length.rb:14:in `call'
  railties (3.2.7) lib/rails/rack/log_tailer.rb:17:in `call'
  rack (1.4.5) lib/rack/handler/webrick.rb:59:in `service'
  /usr/lib/ruby/1.9.1/webrick/httpserver.rb:138:in `service'
  /usr/lib/ruby/1.9.1/webrick/httpserver.rb:94:in `run'
  /usr/lib/ruby/1.9.1/webrick/server.rb:191:in `block in start_thread'


  Rendered /usr/lib/ruby/gems/1.9.1/gems/actionpack-3.2.7/lib/action_dispatch/middleware/templates/rescues/routing_error.erb within rescues/layout (1.0ms)


Started GET "/" for 127.0.0.1 at 2013-04-13 13:15:56 -0700

ActionController::RoutingError (No route matches [GET] "/"):
  actionpack (3.2.7) lib/action_dispatch/middleware/debug_exceptions.rb:21:in `call'
  actionpack (3.2.7) lib/action_dispatch/middleware/show_exceptions.rb:56:in `call'
  railties (3.2.7) lib/rails/rack/logger.rb:26:in `call_app'
  railties (3.2.7) lib/rails/rack/logger.rb:16:in `call'
  actionpack (3.2.7) lib/action_dispatch/middleware/request_id.rb:22:in `call'
  rack (1.4.5) lib/rack/methodoverride.rb:21:in `call'
  rack (1.4.5) lib/rack/runtime.rb:17:in `call'
  activesupport (3.2.7) lib/active_support/cache/strategy/local_cache.rb:72:in `call'
  rack (1.4.5) lib/rack/lock.rb:15:in `call'
  actionpack (3.2.7) lib/action_dispatch/middleware/static.rb:62:in `call'
  railties (3.2.7) lib/rails/engine.rb:479:in `call'
  railties (3.2.7) lib/rails/application.rb:220:in `call'
  rack (1.4.5) lib/rack/content_length.rb:14:in `call'
  railties (3.2.7) lib/rails/rack/log_tailer.rb:17:in `call'
  rack (1.4.5) lib/rack/handler/webrick.rb:59:in `service'
  /usr/lib/ruby/1.9.1/webrick/httpserver.rb:138:in `service'
  /usr/lib/ruby/1.9.1/webrick/httpserver.rb:94:in `run'
  /usr/lib/ruby/1.9.1/webrick/server.rb:191:in `block in start_thread'


  Rendered /usr/lib/ruby/gems/1.9.1/gems/actionpack-3.2.7/lib/action_dispatch/middleware/templates/rescues/routing_error.erb within rescues/layout (1.0ms)


Started GET "/" for 127.0.0.1 at 2013-04-13 13:15:57 -0700

ActionController::RoutingError (No route matches [GET] "/"):
  actionpack (3.2.7) lib/action_dispatch/middleware/debug_exceptions.rb:21:in `call'
  actionpack (3.2.7) lib/action_dispatch/middleware/show_exceptions.rb:56:in `call'
  railties (3.2.7) lib/rails/rack/logger.rb:26:in `call_app'
  railties (3.2.7) lib/rails/rack/logger.rb:16:in `call'
  actionpack (3.2.7) lib/action_dispatch/middleware/request_id.rb:22:in `call'
  rack (1.4.5) lib/rack/methodoverride.rb:21:in `call'
  rack (1.4.5) lib/rack/runtime.rb:17:in `call'
  activesupport (3.2.7) lib/active_support/cache/strategy/local_cache.rb:72:in `call'
  rack (1.4.5) lib/rack/lock.rb:15:in `call'
  actionpack (3.2.7) lib/action_dispatch/middleware/static.rb:62:in `call'
  railties (3.2.7) lib/rails/engine.rb:479:in `call'
  railties (3.2.7) lib/rails/application.rb:220:in `call'
  rack (1.4.5) lib/rack/content_length.rb:14:in `call'
  railties (3.2.7) lib/rails/rack/log_tailer.rb:17:in `call'
  rack (1.4.5) lib/rack/handler/webrick.rb:59:in `service'
  /usr/lib/ruby/1.9.1/webrick/httpserver.rb:138:in `service'
  /usr/lib/ruby/1.9.1/webrick/httpserver.rb:94:in `run'
  /usr/lib/ruby/1.9.1/webrick/server.rb:191:in `block in start_thread'


  Rendered /usr/lib/ruby/gems/1.9.1/gems/actionpack-3.2.7/lib/action_dispatch/middleware/templates/rescues/routing_error.erb within rescues/layout (0.0ms)


Started GET "/" for 127.0.0.1 at 2013-04-13 13:18:42 -0700

ActionController::RoutingError (No route matches [GET] "/"):
  actionpack (3.2.7) lib/action_dispatch/middleware/debug_exceptions.rb:21:in `call'
  actionpack (3.2.7) lib/action_dispatch/middleware/show_exceptions.rb:56:in `call'
  railties (3.2.7) lib/rails/rack/logger.rb:26:in `call_app'
  railties (3.2.7) lib/rails/rack/logger.rb:16:in `call'
  actionpack (3.2.7) lib/action_dispatch/middleware/request_id.rb:22:in `call'
  rack (1.4.5) lib/rack/methodoverride.rb:21:in `call'
  rack (1.4.5) lib/rack/runtime.rb:17:in `call'
  activesupport (3.2.7) lib/active_support/cache/strategy/local_cache.rb:72:in `call'
  rack (1.4.5) lib/rack/lock.rb:15:in `call'
  actionpack (3.2.7) lib/action_dispatch/middleware/static.rb:62:in `call'
  railties (3.2.7) lib/rails/engine.rb:479:in `call'
  railties (3.2.7) lib/rails/application.rb:220:in `call'
  rack (1.4.5) lib/rack/content_length.rb:14:in `call'
  railties (3.2.7) lib/rails/rack/log_tailer.rb:17:in `call'
  rack (1.4.5) lib/rack/handler/webrick.rb:59:in `service'
  /usr/lib/ruby/1.9.1/webrick/httpserver.rb:138:in `service'
  /usr/lib/ruby/1.9.1/webrick/httpserver.rb:94:in `run'
  /usr/lib/ruby/1.9.1/webrick/server.rb:191:in `block in start_thread'


  Rendered /usr/lib/ruby/gems/1.9.1/gems/actionpack-3.2.7/lib/action_dispatch/middleware/templates/rescues/routing_error.erb within rescues/layout (0.0ms)


Started GET "/" for 127.0.0.1 at 2013-04-13 13:18:44 -0700

ActionController::RoutingError (No route matches [GET] "/"):
  actionpack (3.2.7) lib/action_dispatch/middleware/debug_exceptions.rb:21:in `call'
  actionpack (3.2.7) lib/action_dispatch/middleware/show_exceptions.rb:56:in `call'
  railties (3.2.7) lib/rails/rack/logger.rb:26:in `call_app'
  railties (3.2.7) lib/rails/rack/logger.rb:16:in `call'
  actionpack (3.2.7) lib/action_dispatch/middleware/request_id.rb:22:in `call'
  rack (1.4.5) lib/rack/methodoverride.rb:21:in `call'
  rack (1.4.5) lib/rack/runtime.rb:17:in `call'
  activesupport (3.2.7) lib/active_support/cache/strategy/local_cache.rb:72:in `call'
  rack (1.4.5) lib/rack/lock.rb:15:in `call'
  actionpack (3.2.7) lib/action_dispatch/middleware/static.rb:62:in `call'
  railties (3.2.7) lib/rails/engine.rb:479:in `call'
  railties (3.2.7) lib/rails/application.rb:220:in `call'
  rack (1.4.5) lib/rack/content_length.rb:14:in `call'
  railties (3.2.7) lib/rails/rack/log_tailer.rb:17:in `call'
  rack (1.4.5) lib/rack/handler/webrick.rb:59:in `service'
  /usr/lib/ruby/1.9.1/webrick/httpserver.rb:138:in `service'
  /usr/lib/ruby/1.9.1/webrick/httpserver.rb:94:in `run'
  /usr/lib/ruby/1.9.1/webrick/server.rb:191:in `block in start_thread'


  Rendered /usr/lib/ruby/gems/1.9.1/gems/actionpack-3.2.7/lib/action_dispatch/middleware/templates/rescues/routing_error.erb within rescues/layout (1.0ms)


Started GET "/" for 127.0.0.1 at 2013-04-13 13:18:45 -0700

ActionController::RoutingError (No route matches [GET] "/"):
  actionpack (3.2.7) lib/action_dispatch/middleware/debug_exceptions.rb:21:in `call'
  actionpack (3.2.7) lib/action_dispatch/middleware/show_exceptions.rb:56:in `call'
  railties (3.2.7) lib/rails/rack/logger.rb:26:in `call_app'
  railties (3.2.7) lib/rails/rack/logger.rb:16:in `call'
  actionpack (3.2.7) lib/action_dispatch/middleware/request_id.rb:22:in `call'
  rack (1.4.5) lib/rack/methodoverride.rb:21:in `call'
  rack (1.4.5) lib/rack/runtime.rb:17:in `call'
  activesupport (3.2.7) lib/active_support/cache/strategy/local_cache.rb:72:in `call'
  rack (1.4.5) lib/rack/lock.rb:15:in `call'
  actionpack (3.2.7) lib/action_dispatch/middleware/static.rb:62:in `call'
  railties (3.2.7) lib/rails/engine.rb:479:in `call'
  railties (3.2.7) lib/rails/application.rb:220:in `call'
  rack (1.4.5) lib/rack/content_length.rb:14:in `call'
  railties (3.2.7) lib/rails/rack/log_tailer.rb:17:in `call'
  rack (1.4.5) lib/rack/handler/webrick.rb:59:in `service'
  /usr/lib/ruby/1.9.1/webrick/httpserver.rb:138:in `service'
  /usr/lib/ruby/1.9.1/webrick/httpserver.rb:94:in `run'
  /usr/lib/ruby/1.9.1/webrick/server.rb:191:in `block in start_thread'


  Rendered /usr/lib/ruby/gems/1.9.1/gems/actionpack-3.2.7/lib/action_dispatch/middleware/templates/rescues/routing_error.erb within rescues/layout (1.0ms)


Started GET "/" for 127.0.0.1 at 2013-04-13 13:36:51 -0700
Processing by BennyController#hello as HTML
Completed 500 Internal Server Error in 5ms

NoMethodError (undefined method `name=' for #<BennyData:0x81178294>):
  app/controllers/benny_controller.rb:13:in `hello'


  Rendered /usr/lib/ruby/gems/1.9.1/gems/actionpack-3.2.7/lib/action_dispatch/middleware/templates/rescues/_trace.erb (2.0ms)
  Rendered /usr/lib/ruby/gems/1.9.1/gems/actionpack-3.2.7/lib/action_dispatch/middleware/templates/rescues/_request_and_response.erb (1.0ms)
  Rendered /usr/lib/ruby/gems/1.9.1/gems/actionpack-3.2.7/lib/action_dispatch/middleware/templates/rescues/diagnostics.erb within rescues/layout (48.0ms)


Started GET "/" for 127.0.0.1 at 2013-04-13 13:38:00 -0700
Processing by BennyController#hello as HTML
  Rendered benny/hello.html.erb within layouts/application (0.0ms)
Completed 200 OK in 128ms (Views: 123.0ms | ActiveRecord: 0.0ms)


Started GET "/assets/application.css?body=1" for 127.0.0.1 at 2013-04-13 13:38:00 -0700
Served asset /application.css - 200 OK (5ms)


Started GET "/assets/benny.css?body=1" for 127.0.0.1 at 2013-04-13 13:38:00 -0700
Served asset /benny.css - 200 OK (2ms)


Started GET "/" for 127.0.0.1 at 2013-04-13 13:41:32 -0700
Processing by BennyController#hello as HTML
  Rendered benny/hello.html.erb within layouts/application (0.0ms)
Completed 200 OK in 15ms (Views: 14.0ms | ActiveRecord: 0.0ms)


Started GET "/assets/application.css?body=1" for 127.0.0.1 at 2013-04-13 13:41:32 -0700
Served asset /application.css - 200 OK (0ms)


Started GET "/assets/benny.css?body=1" for 127.0.0.1 at 2013-04-13 13:41:32 -0700
Served asset /benny.css - 200 OK (0ms)


Started GET "/" for 127.0.0.1 at 2013-04-13 13:41:34 -0700
Processing by BennyController#hello as HTML
  Rendered benny/hello.html.erb within layouts/application (0.0ms)
Completed 200 OK in 22ms (Views: 22.0ms | ActiveRecord: 0.0ms)


Started GET "/assets/application.css?body=1" for 127.0.0.1 at 2013-04-13 13:41:34 -0700
Served asset /application.css - 200 OK (4ms)


Started GET "/assets/benny.css?body=1" for 127.0.0.1 at 2013-04-13 13:41:34 -0700
Served asset /benny.css - 200 OK (0ms)


Started GET "/" for 127.0.0.1 at 2013-04-13 13:41:36 -0700
Processing by BennyController#hello as HTML
  Rendered benny/hello.html.erb within layouts/application (0.0ms)
Completed 200 OK in 16ms (Views: 15.0ms | ActiveRecord: 0.0ms)


Started GET "/assets/application.css?body=1" for 127.0.0.1 at 2013-04-13 13:41:36 -0700
Served asset /application.css - 200 OK (1ms)


Started GET "/assets/benny.css?body=1" for 127.0.0.1 at 2013-04-13 13:41:36 -0700
Served asset /benny.css - 200 OK (0ms)


Started GET "/" for 127.0.0.1 at 2013-04-13 13:47:49 -0700
Processing by BennyController#hello as HTML
  Rendered benny/hello.html.erb within layouts/application (0.0ms)
Completed 200 OK in 14ms (Views: 9.0ms | ActiveRecord: 0.0ms)


Started GET "/assets/benny.css?body=1" for 127.0.0.1 at 2013-04-13 13:47:49 -0700
Served asset /benny.css - 304 Not Modified (0ms)


Started GET "/assets/application.css?body=1" for 127.0.0.1 at 2013-04-13 13:47:49 -0700
Served asset /application.css - 304 Not Modified (1ms)


Started GET "/" for 127.0.0.1 at 2013-04-13 13:47:52 -0700
Processing by BennyController#hello as HTML
  Rendered benny/hello.html.erb within layouts/application (0.0ms)
Completed 200 OK in 18ms (Views: 18.0ms | ActiveRecord: 0.0ms)


Started GET "/assets/application.css?body=1" for 127.0.0.1 at 2013-04-13 13:47:52 -0700
Served asset /application.css - 200 OK (3ms)


Started GET "/assets/benny.css?body=1" for 127.0.0.1 at 2013-04-13 13:47:52 -0700
Served asset /benny.css - 200 OK (0ms)


Started GET "/" for 127.0.0.1 at 2013-04-13 13:47:53 -0700
Processing by BennyController#hello as HTML
  Rendered benny/hello.html.erb within layouts/application (0.0ms)
Completed 200 OK in 23ms (Views: 23.0ms | ActiveRecord: 0.0ms)


Started GET "/assets/application.css?body=1" for 127.0.0.1 at 2013-04-13 13:47:53 -0700
Served asset /application.css - 200 OK (2ms)


Started GET "/assets/benny.css?body=1" for 127.0.0.1 at 2013-04-13 13:47:53 -0700
Served asset /benny.css - 200 OK (0ms)


Started GET "/" for 127.0.0.1 at 2013-04-13 13:47:54 -0700
Processing by BennyController#hello as HTML
  Rendered benny/hello.html.erb within layouts/application (0.0ms)
Completed 200 OK in 17ms (Views: 16.0ms | ActiveRecord: 0.0ms)


Started GET "/assets/application.css?body=1" for 127.0.0.1 at 2013-04-13 13:47:54 -0700
Served asset /application.css - 200 OK (3ms)


Started GET "/assets/benny.css?body=1" for 127.0.0.1 at 2013-04-13 13:47:54 -0700
Served asset /benny.css - 200 OK (0ms)


Started GET "/" for 127.0.0.1 at 2013-04-13 13:48:15 -0700
Processing by BennyController#hello as HTML
Completed 500 Internal Server Error in 5ms

NoMethodError (undefined method `name=' for #<BennyData:0x81709c58>):
  app/controllers/benny_controller.rb:13:in `hello'


  Rendered /usr/lib/ruby/gems/1.9.1/gems/actionpack-3.2.7/lib/action_dispatch/middleware/templates/rescues/_trace.erb (2.0ms)
  Rendered /usr/lib/ruby/gems/1.9.1/gems/actionpack-3.2.7/lib/action_dispatch/middleware/templates/rescues/_request_and_response.erb (1.0ms)
  Rendered /usr/lib/ruby/gems/1.9.1/gems/actionpack-3.2.7/lib/action_dispatch/middleware/templates/rescues/diagnostics.erb within rescues/layout (47.0ms)


Started GET "/" for 127.0.0.1 at 2013-04-13 13:48:54 -0700
Processing by BennyController#hello as HTML
  Rendered benny/hello.html.erb within layouts/application (0.0ms)
Completed 200 OK in 14ms (Views: 9.0ms | ActiveRecord: 0.0ms)


Started GET "/assets/application.css?body=1" for 127.0.0.1 at 2013-04-13 13:48:54 -0700
Served asset /application.css - 304 Not Modified (1ms)


Started GET "/assets/benny.css?body=1" for 127.0.0.1 at 2013-04-13 13:48:54 -0700
Served asset /benny.css - 304 Not Modified (0ms)


Started GET "/" for 127.0.0.1 at 2013-04-13 13:49:37 -0700
Processing by BennyController#hello as HTML
  Rendered benny/hello.html.erb within layouts/application (0.0ms)
Completed 200 OK in 14ms (Views: 9.0ms | ActiveRecord: 0.0ms)


Started GET "/assets/application.css?body=1" for 127.0.0.1 at 2013-04-13 13:49:37 -0700
Served asset /application.css - 304 Not Modified (3ms)


Started GET "/assets/benny.css?body=1" for 127.0.0.1 at 2013-04-13 13:49:37 -0700
Served asset /benny.css - 304 Not Modified (0ms)


Started GET "/" for 127.0.0.1 at 2013-04-13 13:50:31 -0700
Processing by BennyController#hello as HTML
  Rendered benny/hello.html.erb within layouts/application (0.0ms)
Completed 200 OK in 14ms (Views: 9.0ms | ActiveRecord: 0.0ms)


Started GET "/assets/application.css?body=1" for 127.0.0.1 at 2013-04-13 13:50:31 -0700
Served asset /application.css - 304 Not Modified (1ms)


Started GET "/assets/benny.css?body=1" for 127.0.0.1 at 2013-04-13 13:50:31 -0700
Served asset /benny.css - 304 Not Modified (0ms)


Started GET "/" for 127.0.0.1 at 2013-04-13 13:50:33 -0700
Processing by BennyController#hello as HTML
  Rendered benny/hello.html.erb within layouts/application (0.0ms)
Completed 200 OK in 18ms (Views: 18.0ms | ActiveRecord: 0.0ms)


Started GET "/assets/application.css?body=1" for 127.0.0.1 at 2013-04-13 13:50:33 -0700
Served asset /application.css - 200 OK (2ms)


Started GET "/assets/benny.css?body=1" for 127.0.0.1 at 2013-04-13 13:50:33 -0700
Served asset /benny.css - 200 OK (0ms)


Started GET "/" for 127.0.0.1 at 2013-04-13 13:54:57 -0700
Processing by BennyController#hello as HTML
  Rendered benny/hello.html.erb within layouts/application (0.0ms)
Completed 200 OK in 15ms (Views: 10.0ms | ActiveRecord: 0.0ms)


Started GET "/assets/application.css?body=1" for 127.0.0.1 at 2013-04-13 13:54:57 -0700
Served asset /application.css - 304 Not Modified (2ms)


Started GET "/assets/benny.css?body=1" for 127.0.0.1 at 2013-04-13 13:54:57 -0700
Served asset /benny.css - 304 Not Modified (0ms)


Started GET "/" for 127.0.0.1 at 2013-04-13 14:00:33 -0700
Processing by BennyController#hello as HTML
  Rendered benny/hello.html.erb within layouts/application (0.0ms)
Completed 200 OK in 16ms (Views: 10.0ms | ActiveRecord: 0.0ms)


Started GET "/assets/application.css?body=1" for 127.0.0.1 at 2013-04-13 14:00:33 -0700
Served asset /application.css - 304 Not Modified (0ms)


Started GET "/assets/benny.css?body=1" for 127.0.0.1 at 2013-04-13 14:00:33 -0700
Served asset /benny.css - 304 Not Modified (1ms)


Started GET "/" for 127.0.0.1 at 2013-04-13 14:01:24 -0700
Processing by BennyController#hello as HTML
  Rendered benny/hello.html.erb within layouts/application (0.0ms)
Completed 200 OK in 14ms (Views: 9.0ms | ActiveRecord: 0.0ms)


Started GET "/assets/application.css?body=1" for 127.0.0.1 at 2013-04-13 14:01:24 -0700
Served asset /application.css - 304 Not Modified (0ms)


Started GET "/assets/benny.css?body=1" for 127.0.0.1 at 2013-04-13 14:01:24 -0700
Served asset /benny.css - 304 Not Modified (0ms)
